<?xml version="1.0" encoding="UTF-8"?>
<!-- Generated by org.testng.reporters.JUnitReportReporter -->
<testsuite hostname="DESKTOP-1553FSV" failures="0" tests="1" name="day3.TestCookies" time="4.484" errors="0" timestamp="2023-06-16T18:21:31 IST" skipped="0">
  <testcase classname="day3.TestCookies" name="getCookiesinfo" time="4.484"/>
  <system-out/>
</testsuite> <!-- day3.TestCookies -->
