<?xml version="1.0" encoding="UTF-8"?>
<!-- Generated by org.testng.reporters.JUnitReportReporter -->
<testsuite hostname="DESKTOP-1553FSV" failures="0" tests="1" name="day4.ParsingJsonResponseData" time="2.975" errors="0" timestamp="2023-06-17T16:35:14 IST" skipped="0">
  <testcase classname="day4.ParsingJsonResponseData" name="Testjsonresponse" time="2.975"/>
  <system-out/>
</testsuite> <!-- day4.ParsingJsonResponseData -->
