<?xml version="1.0" encoding="UTF-8"?>
<!-- Generated by org.testng.reporters.JUnitReportReporter -->
<testsuite hostname="DESKTOP-1553FSV" failures="0" tests="2" name="day5.FileUploadAndDownload" time="6.703" errors="0" timestamp="2023-06-18T17:34:20 IST" skipped="0">
  <testcase classname="day5.FileUploadAndDownload" name="singlefileUpload" time="6.384"/>
  <system-out/>
  <testcase classname="day5.FileUploadAndDownload" name="filedownload" time="0.319"/>
  <system-out/>
</testsuite> <!-- day5.FileUploadAndDownload -->
