<?xml version="1.0" encoding="UTF-8"?>
<!-- Generated by org.testng.reporters.JUnitReportReporter -->
<testsuite hostname="DESKTOP-1553FSV" failures="0" tests="1" name="day6.JsonSchemaValidation" time="4.162" errors="0" timestamp="2023-06-19T17:14:23 IST" skipped="0">
  <testcase classname="day6.JsonSchemaValidation" name="jsonSchemavalidation" time="4.162"/>
  <system-out/>
</testsuite> <!-- day6.JsonSchemaValidation -->
