<?xml version="1.0" encoding="UTF-8"?>
<!-- Generated by org.testng.reporters.JUnitReportReporter -->
<testsuite hostname="DESKTOP-1553FSV" failures="0" tests="1" name="day3.LoggingInDemo" time="3.479" errors="0" timestamp="2023-06-17T10:14:56 IST" skipped="0">
  <testcase classname="day3.LoggingInDemo" name="testLog" time="3.479"/>
  <system-out/>
</testsuite> <!-- day3.LoggingInDemo -->
