<?xml version="1.0" encoding="UTF-8"?>
<!-- Generated by org.testng.reporters.JUnitReportReporter -->
<testsuite hostname="DESKTOP-1553FSV" failures="0" tests="1" name="day3.HeadersDemo" time="3.113" errors="0" timestamp="2023-06-16T18:45:54 IST" skipped="0">
  <testcase classname="day3.HeadersDemo" name="testHeaders" time="3.113"/>
  <system-out/>
</testsuite> <!-- day3.HeadersDemo -->
