<?xml version="1.0" encoding="UTF-8"?>
<!-- Generated by org.testng.reporters.JUnitReportReporter -->
<testsuite hostname="DESKTOP-1553FSV" failures="0" tests="2" name="day2.DiffWayToCreatePostRequestBody" time="4.486" errors="0" timestamp="2023-06-16T12:11:16 IST" skipped="0">
  <testcase classname="day2.DiffWayToCreatePostRequestBody" name="TestPostusingjsonLibrary" time="4.401"/>
  <system-out/>
  <testcase classname="day2.DiffWayToCreatePostRequestBody" name="TestDelete" time="0.085"/>
  <system-out/>
</testsuite> <!-- day2.DiffWayToCreatePostRequestBody -->
