<?xml version="1.0" encoding="UTF-8"?>
<!-- Generated by org.testng.reporters.JUnitReportReporter -->
<testsuite hostname="DESKTOP-1553FSV" failures="0" tests="1" name="day3.PathAndQuaryParameter" time="3.649" errors="0" timestamp="2023-06-16T16:06:44 IST" skipped="0">
  <testcase classname="day3.PathAndQuaryParameter" name="TestQueryAndPathParameters" time="3.649"/>
  <system-out/>
</testsuite> <!-- day3.PathAndQuaryParameter -->
