<?xml version="1.0" encoding="UTF-8"?>
<!-- Generated by org.testng.reporters.JUnitReportReporter -->
<testsuite hostname="DESKTOP-1553FSV" failures="0" tests="4" name="day1.HttpRequest" time="7.747" errors="0" timestamp="2023-06-15T18:10:33 IST" skipped="0">
  <testcase classname="day1.HttpRequest" name="ListUser" time="5.341"/>
  <system-out/>
  <testcase classname="day1.HttpRequest" name="createUser" time="1.257"/>
  <system-out/>
  <testcase classname="day1.HttpRequest" name="UpdateUser" time="0.550"/>
  <system-out/>
  <testcase classname="day1.HttpRequest" name="deleteUser" time="0.599"/>
  <system-out/>
</testsuite> <!-- day1.HttpRequest -->
