<?xml version="1.0" encoding="UTF-8"?>
<!-- Generated by org.testng.reporters.JUnitReportReporter -->
<testsuite hostname="DESKTOP-1553FSV" failures="0" tests="2" name="day5.ParsingXMLResponse" time="4.733" errors="0" timestamp="2023-06-18T15:05:48 IST" skipped="0">
  <testcase classname="day5.ParsingXMLResponse" name="textXMLresponseBody" time="0.260"/>
  <system-out/>
  <testcase classname="day5.ParsingXMLResponse" name="textXMLresponse" time="4.473"/>
  <system-out/>
</testsuite> <!-- day5.ParsingXMLResponse -->
