<?xml version="1.0" encoding="UTF-8"?>
<!-- Generated by org.testng.reporters.JUnitReportReporter -->
<testsuite hostname="DESKTOP-1553FSV" failures="0" tests="1" name="day7.Authentication" time="4.202" errors="0" timestamp="2023-06-20T18:30:09 IST" skipped="0">
  <testcase classname="day7.Authentication" name="testAPIKeyAuthentication" time="4.202"/>
  <system-out/>
</testsuite> <!-- day7.Authentication -->
